Has entrado a captura: 2023-05-18 13:26:54
Has entrado a captura: 2023-05-18 13:33:13
Has entrado a captura: 2023-05-18 13:46:14
Has entrado a captura: 2023-05-18 14:11:38
Has entrado a captura: 2023-05-18 14:15:30
Has entrado a captura: 2023-05-18 17:09:24
Has entrado a captura: 2023-05-18 17:13:11
Has entrado a captura: 2023-05-18 17:18:40
Has entrado a captura: 2023-05-18 17:20:40
Has entrado a captura: 2023-05-18 17:21:03
Has entrado en captura java.text.SimpleDateFormat@cb721960 2023-05-18 17:23:55
Has entrado en captura java.text.SimpleDateFormat@cb721960 2023-05-18 17:36:10
Has lanzado una pokeball05181736122023.log 2023-05-18 17:36:12
El pokemon se ha escapado05181736122023.log 2023-05-18 17:36:12
Has lanzado una pokeball05181736152023.log 2023-05-18 17:36:15
Has capturado unNIDOKING salvaje 05181736152023.log 2023-05-18 17:36:15
Has salido de la ventana captura05181736162023.log 2023-05-18 17:36:16
Has entrado en captura java.text.SimpleDateFormat@cb721960 2023-05-18 17:46:49
Has encontrado un JIGGLYPUFF salvaje 05181746502023.log 2023-05-18 17:46:50
Has encontrado un SPEAROW salvaje 05181746512023.log 2023-05-18 17:46:51
Has lanzado una pokeball 05181746532023.log 2023-05-18 17:46:53
Has capturado un SPEAROW salvaje 05181746532023.log 2023-05-18 17:46:53
Has encontrado un NIDORAN ♂ salvaje 05181746542023.log 2023-05-18 17:46:54
Has salido de la ventana captura 05181746572023.log 2023-05-18 17:46:57
Has entrado en captura java.text.SimpleDateFormat@cb721960 2023-05-18 19:32:35
Has encontrado un MEOWTH salvaje 05181932382023.log 2023-05-18 19:32:38
Has encontrado un PSYDUCK salvaje 05181932392023.log 2023-05-18 19:32:39
Has encontrado un PARASECT salvaje 05181932402023.log 2023-05-18 19:32:40
Has encontrado un CHARIZARD salvaje 05181932422023.log 2023-05-18 19:32:42
Has encontrado un Ivysaur salvaje 05181932432023.log 2023-05-18 19:32:43
Has encontrado un VULPIX salvaje 05181932442023.log 2023-05-18 19:32:44
Has encontrado un BLASTOISE salvaje 05181932452023.log 2023-05-18 19:32:45
Has encontrado un CHARMELON salvaje 05181932462023.log 2023-05-18 19:32:46
Has encontrado un NIDORINO salvaje 05181932472023.log 2023-05-18 19:32:47
Has encontrado un Ivysaur salvaje 05181932482023.log 2023-05-18 19:32:48
Has encontrado un PRIMEAPE salvaje 05181932482023.log 2023-05-18 19:32:48
Has encontrado un PIKACHU salvaje 05181932512023.log 2023-05-18 19:32:51
Has encontrado un SANDSHREW salvaje 05181932522023.log 2023-05-18 19:32:52
Has encontrado un ARBOK salvaje 05181932542023.log 2023-05-18 19:32:54
Has encontrado un DIGLETT salvaje 05181932552023.log 2023-05-18 19:32:55
Has encontrado un PARAS salvaje 05181932562023.log 2023-05-18 19:32:56
Has encontrado un CHARIZARD salvaje 05181932572023.log 2023-05-18 19:32:57
Has encontrado un GOLBAT salvaje 05181932582023.log 2023-05-18 19:32:58
Has encontrado un NIDORAN ♂ salvaje 05181932592023.log 2023-05-18 19:32:59
Has encontrado un CLEFAIRY salvaje 05181933002023.log 2023-05-18 19:33:00
Has lanzado una pokeball 05181933022023.log 2023-05-18 19:33:02
Has capturado un CLEFAIRY salvaje 05181933022023.log 2023-05-18 19:33:02
Has salido de la ventana captura 05181933042023.log 2023-05-18 19:33:04
Has entrado en captura java.text.SimpleDateFormat@cb721960 2023-05-19 10:57:10
Has encontrado un SANDSLASH salvaje 05191057112023.log 2023-05-19 10:57:11
Has lanzado una pokeball 05191057132023.log 2023-05-19 10:57:13
Has capturado un SANDSLASH salvaje 05191057132023.log 2023-05-19 10:57:13
Has salido de la ventana captura 05191057272023.log 2023-05-19 10:57:27
Has entrado en captura java.text.SimpleDateFormat@cb721960 2023-05-19 10:58:14
Has salido de la ventana captura 05191058152023.log 2023-05-19 10:58:15
Has entrado en captura java.text.SimpleDateFormat@cb721960 2023-05-19 10:58:15
Has salido de la ventana captura 05191058162023.log 2023-05-19 10:58:16
Has entrado en captura java.text.SimpleDateFormat@cb721960 2023-05-19 10:58:17
Has encontrado un CHARMANDER salvaje 05191058182023.log 2023-05-19 10:58:18
Has lanzado una pokeball 05191058232023.log 2023-05-19 10:58:23
El pokemon se ha escapado 05191058232023.log 2023-05-19 10:58:23
Has encontrado un ABRA salvaje 05191058252023.log 2023-05-19 10:58:25
Has encontrado un CHARMELON salvaje 05191058262023.log 2023-05-19 10:58:26
Has encontrado un EKANS salvaje 05191058262023.log 2023-05-19 10:58:26
Has encontrado un PRIMEAPE salvaje 05191058272023.log 2023-05-19 10:58:27
Has encontrado un WIGGLITUFF salvaje 05191058272023.log 2023-05-19 10:58:27
Has encontrado un JIGGLYPUFF salvaje 05191058282023.log 2023-05-19 10:58:28
Has encontrado un NIDORINO salvaje 05191058282023.log 2023-05-19 10:58:28
Has encontrado un EKANS salvaje 05191058282023.log 2023-05-19 10:58:28
Has encontrado un JIGGLYPUFF salvaje 05191058322023.log 2023-05-19 10:58:32
Has encontrado un WEEPINBELL salvaje 05191058332023.log 2023-05-19 10:58:33
Has encontrado un PERSIAN salvaje 05191058342023.log 2023-05-19 10:58:34
Has encontrado un POLIWHIRL salvaje 05191058342023.log 2023-05-19 10:58:34
Has encontrado un GROWLITHE salvaje 05191058352023.log 2023-05-19 10:58:35
Has encontrado un RAICHU salvaje 05191058352023.log 2023-05-19 10:58:35
Has encontrado un WEEPINBELL salvaje 05191058352023.log 2023-05-19 10:58:35
Has encontrado un PIDGEOTTO salvaje 05191058362023.log 2023-05-19 10:58:36
Has encontrado un CATERPIE salvaje 05191058372023.log 2023-05-19 10:58:37
Has encontrado un PIDGEY salvaje 05191058372023.log 2023-05-19 10:58:37
Has encontrado un POLIWRATH salvaje 05191058382023.log 2023-05-19 10:58:38
Has encontrado un BLASTOISE salvaje 05191058382023.log 2023-05-19 10:58:38
Has encontrado un BULBASUR salvaje 05191058392023.log 2023-05-19 10:58:39
Has encontrado un GROWLITHE salvaje 05191058402023.log 2023-05-19 10:58:40
Has encontrado un MANKEY salvaje 05191058402023.log 2023-05-19 10:58:40
Has encontrado un PIKACHU salvaje 05191058402023.log 2023-05-19 10:58:40
Has encontrado un WEEDLE salvaje 05191058412023.log 2023-05-19 10:58:41
Has encontrado un WIGGLITUFF salvaje 05191058422023.log 2023-05-19 10:58:42
Has encontrado un NIDOKING salvaje 05191058422023.log 2023-05-19 10:58:42
Has encontrado un PIDGEY salvaje 05191100262023.log 2023-05-19 11:00:26
Has encontrado un SANDSHREW salvaje 05191100262023.log 2023-05-19 11:00:26
Has encontrado un CHARMANDER salvaje 05191100272023.log 2023-05-19 11:00:27
Has encontrado un ODDISH salvaje 05191100272023.log 2023-05-19 11:00:27
Has encontrado un BUTTERFREE salvaje 05191100282023.log 2023-05-19 11:00:28
Has encontrado un PARAS salvaje 05191100282023.log 2023-05-19 11:00:28
Has encontrado un PIDGEOTTO salvaje 05191100282023.log 2023-05-19 11:00:28
Has encontrado un VENOMOTH salvaje 05191100292023.log 2023-05-19 11:00:29
Has encontrado un PSYDUCK salvaje 05191100292023.log 2023-05-19 11:00:29
Has encontrado un PARASECT salvaje 05191100292023.log 2023-05-19 11:00:29
Has encontrado un RATICATE salvaje 05191100292023.log 2023-05-19 11:00:29
Has encontrado un GOLBAT salvaje 05191100292023.log 2023-05-19 11:00:29
Has encontrado un BLASTOISE salvaje 05191100302023.log 2023-05-19 11:00:30
Has encontrado un NIDORINO salvaje 05191100302023.log 2023-05-19 11:00:30
Has encontrado un CHARIZARD salvaje 05191100302023.log 2023-05-19 11:00:30
Has encontrado un BLASTOISE salvaje 05191100302023.log 2023-05-19 11:00:30
Has encontrado un MACHOKE salvaje 05191100312023.log 2023-05-19 11:00:31
Has lanzado una pokeball 05191100322023.log 2023-05-19 11:00:32
Has capturado un MACHOKE salvaje 05191100322023.log 2023-05-19 11:00:32
Has salido de la ventana captura 05191100412023.log 2023-05-19 11:00:41
Has entrado en captura java.text.SimpleDateFormat@cb721960 2023-05-19 11:00:42
Has salido de la ventana captura 05191100432023.log 2023-05-19 11:00:43
Has entrado en captura java.text.SimpleDateFormat@cb721960 2023-05-19 11:00:53
Has salido de la ventana captura 05191100542023.log 2023-05-19 11:00:54
